Shi-Tomasi detection with n=1370 keypoints in 12.8233 ms
BRISK descriptor extraction in 1.26434 ms
Shi-Tomasi detection with n=1301 keypoints in 11.7111 ms
BRISK descriptor extraction in 1.55966 ms
BF matching cross-check=0 (KNN) with n=125 matches in 0.487099 ms
Shi-Tomasi detection with n=1361 keypoints in 12.4779 ms
BRISK descriptor extraction in 1.63265 ms
BF matching cross-check=0 (KNN) with n=118 matches in 0.276691 ms
Shi-Tomasi detection with n=1358 keypoints in 12.3885 ms
BRISK descriptor extraction in 1.95041 ms
BF matching cross-check=0 (KNN) with n=123 matches in 0.30941 ms
Shi-Tomasi detection with n=1333 keypoints in 11.5929 ms
BRISK descriptor extraction in 1.8653 ms
BF matching cross-check=0 (KNN) with n=120 matches in 0.28669 ms
Shi-Tomasi detection with n=1284 keypoints in 11.9187 ms
BRISK descriptor extraction in 1.80929 ms
BF matching cross-check=0 (KNN) with n=120 matches in 0.33942 ms
Shi-Tomasi detection with n=1322 keypoints in 20.881 ms
BRISK descriptor extraction in 1.68264 ms
BF matching cross-check=0 (KNN) with n=113 matches in 0.27927 ms
Shi-Tomasi detection with n=1366 keypoints in 15.7137 ms
BRISK descriptor extraction in 1.61183 ms
BF matching cross-check=0 (KNN) with n=114 matches in 0.26596 ms
Shi-Tomasi detection with n=1389 keypoints in 13.3383 ms
BRISK descriptor extraction in 1.49783 ms
BF matching cross-check=0 (KNN) with n=123 matches in 0.26407 ms
Shi-Tomasi detection with n=1339 keypoints in 16.9943 ms
BRISK descriptor extraction in 1.50226 ms
BF matching cross-check=0 (KNN) with n=111 matches in 0.27818 ms
Average time for detector: 14.0415 ms
Average time for descriptor: 284.397 ms
Average time for matcher: 0.399201 ms
HARRIS detected 115 keypoints with applied nms in 12.4439 ms
BRIEF descriptor extraction in 0.19347 ms
HARRIS detected 98 keypoints with applied nms in 9.56688 ms
BRIEF descriptor extraction in 0.50035 ms
BF matching cross-check=0 (KNN) with n=17 matches in 0.108419 ms
HARRIS detected 113 keypoints with applied nms in 9.37279 ms
BRIEF descriptor extraction in 0.52681 ms
BF matching cross-check=0 (KNN) with n=14 matches in 0.04698 ms
HARRIS detected 121 keypoints with applied nms in 9.06426 ms
BRIEF descriptor extraction in 0.55305 ms
BF matching cross-check=0 (KNN) with n=18 matches in 0.05229 ms
HARRIS detected 160 keypoints with applied nms in 11.499 ms
BRIEF descriptor extraction in 0.52905 ms
BF matching cross-check=0 (KNN) with n=21 matches in 0.048691 ms
HARRIS detected 383 keypoints with applied nms in 16.4302 ms
BRIEF descriptor extraction in 0.21184 ms
BF matching cross-check=0 (KNN) with n=26 matches in 0.05787 ms
HARRIS detected 85 keypoints with applied nms in 10.2347 ms
BRIEF descriptor extraction in 0.55215 ms
BF matching cross-check=0 (KNN) with n=43 matches in 0.07298 ms
HARRIS detected 210 keypoints with applied nms in 9.76707 ms
BRIEF descriptor extraction in 0.1894 ms
BF matching cross-check=0 (KNN) with n=18 matches in 0.05097 ms
HARRIS detected 171 keypoints with applied nms in 9.4844 ms
BRIEF descriptor extraction in 0.17481 ms
BF matching cross-check=0 (KNN) with n=31 matches in 0.05421 ms
HARRIS detected 281 keypoints with applied nms in 25.5361 ms
BRIEF descriptor extraction in 0.58968 ms
BF matching cross-check=0 (KNN) with n=26 matches in 0.054 ms
Average time for detector: 12.737 ms
Average time for descriptor: 0.427927 ms
Average time for matcher: 0.0910189 ms
FAST detector detected 1824 keypoints in 0.74313 ms
BRIEF descriptor extraction in 1.29008 ms
FAST detector detected 1832 keypoints in 0.63705 ms
BRIEF descriptor extraction in 1.02689 ms
BF matching cross-check=0 (KNN) with n=149 matches in 0.30967 ms
FAST detector detected 1810 keypoints in 0.639201 ms
BRIEF descriptor extraction in 0.91385 ms
BF matching cross-check=0 (KNN) with n=152 matches in 0.244231 ms
FAST detector detected 1817 keypoints in 0.62837 ms
BRIEF descriptor extraction in 0.49259 ms
BF matching cross-check=0 (KNN) with n=150 matches in 0.20221 ms
FAST detector detected 1793 keypoints in 0.602019 ms
BRIEF descriptor extraction in 1.03611 ms
BF matching cross-check=0 (KNN) with n=155 matches in 0.207729 ms
FAST detector detected 1796 keypoints in 0.58369 ms
BRIEF descriptor extraction in 0.48215 ms
BF matching cross-check=0 (KNN) with n=149 matches in 0.21022 ms
FAST detector detected 1788 keypoints in 0.56724 ms
BRIEF descriptor extraction in 0.91958 ms
BF matching cross-check=0 (KNN) with n=149 matches in 0.24603 ms
FAST detector detected 1695 keypoints in 0.60257 ms
BRIEF descriptor extraction in 1.11445 ms
BF matching cross-check=0 (KNN) with n=156 matches in 0.22751 ms
FAST detector detected 1749 keypoints in 0.60785 ms
BRIEF descriptor extraction in 0.44086 ms
BF matching cross-check=0 (KNN) with n=150 matches in 0.19675 ms
FAST detector detected 1770 keypoints in 0.59662 ms
BRIEF descriptor extraction in 1.02228 ms
BF matching cross-check=0 (KNN) with n=138 matches in 0.21071 ms
Average time for detector: 0.650957 ms
Average time for descriptor: 0.902181 ms
Average time for matcher: 0.303247 ms
BRISK detector detected 2757 keypoints in 32.9851 ms
BRIEF descriptor extraction in 1.1831 ms
BRISK detector detected 2777 keypoints in 32.8634 ms
BRIEF descriptor extraction in 0.73076 ms
BF matching cross-check=0 (KNN) with n=264 matches in 0.52683 ms
BRISK detector detected 2741 keypoints in 39.1344 ms
BRIEF descriptor extraction in 0.67277 ms
BF matching cross-check=0 (KNN) with n=282 matches in 0.408779 ms
BRISK detector detected 2735 keypoints in 31.473 ms
BRIEF descriptor extraction in 0.6836 ms
BF matching cross-check=0 (KNN) with n=282 matches in 0.4075 ms
BRISK detector detected 2757 keypoints in 31.4584 ms
BRIEF descriptor extraction in 0.71014 ms
BF matching cross-check=0 (KNN) with n=277 matches in 0.44479 ms
BRISK detector detected 2695 keypoints in 31.2403 ms
BRIEF descriptor extraction in 0.6974 ms
BF matching cross-check=0 (KNN) with n=297 matches in 0.42666 ms
BRISK detector detected 2715 keypoints in 33.0316 ms
BRIEF descriptor extraction in 0.69585 ms
BF matching cross-check=0 (KNN) with n=279 matches in 0.47391 ms
BRISK detector detected 2628 keypoints in 32.1375 ms
BRIEF descriptor extraction in 0.67462 ms
BF matching cross-check=0 (KNN) with n=289 matches in 0.509919 ms
BRISK detector detected 2639 keypoints in 31.2217 ms
BRIEF descriptor extraction in 0.92183 ms
BF matching cross-check=0 (KNN) with n=272 matches in 0.47212 ms
BRISK detector detected 2672 keypoints in 38.1194 ms
BRIEF descriptor extraction in 0.62291 ms
BF matching cross-check=0 (KNN) with n=266 matches in 0.39247 ms
Average time for detector: 322.827 ms
Average time for descriptor: 0.802063 ms
Average time for matcher: 0.54456 ms
ORB detector detected 500 keypoints in 6.6388 ms
BRIEF descriptor extraction in 0.897709 ms
ORB detector detected 500 keypoints in 6.01979 ms
BRIEF descriptor extraction in 0.410111 ms
BF matching cross-check=0 (KNN) with n=92 matches in 0.234079 ms
ORB detector detected 500 keypoints in 5.43351 ms
BRIEF descriptor extraction in 0.446521 ms
BF matching cross-check=0 (KNN) with n=102 matches in 0.22699 ms
ORB detector detected 500 keypoints in 5.11618 ms
BRIEF descriptor extraction in 0.437439 ms
BF matching cross-check=0 (KNN) with n=106 matches in 0.27169 ms
ORB detector detected 500 keypoints in 5.69801 ms
BRIEF descriptor extraction in 0.43639 ms
BF matching cross-check=0 (KNN) with n=113 matches in 0.16369 ms
ORB detector detected 500 keypoints in 5.18971 ms
BRIEF descriptor extraction in 0.44306 ms
BF matching cross-check=0 (KNN) with n=109 matches in 0.19099 ms
ORB detector detected 500 keypoints in 5.28357 ms
BRIEF descriptor extraction in 0.45033 ms
BF matching cross-check=0 (KNN) with n=125 matches in 0.18507 ms
ORB detector detected 500 keypoints in 5.39156 ms
BRIEF descriptor extraction in 0.44488 ms
BF matching cross-check=0 (KNN) with n=130 matches in 0.18338 ms
ORB detector detected 500 keypoints in 5.76575 ms
BRIEF descriptor extraction in 0.444299 ms
BF matching cross-check=0 (KNN) with n=129 matches in 0.214409 ms
ORB detector detected 500 keypoints in 5.52102 ms
BRIEF descriptor extraction in 0.48422 ms
BF matching cross-check=0 (KNN) with n=127 matches in 0.21048 ms
Average time for detector: 5.64377 ms
Average time for descriptor: 0.51242 ms
Average time for matcher: 0.261701 ms
SIFT detector detected 1438 keypoints in 166.028 ms
BRIEF descriptor extraction in 0.47837 ms
SIFT detector detected 1371 keypoints in 185.721 ms
BRIEF descriptor extraction in 0.48566 ms
BF matching cross-check=0 (KNN) with n=138 matches in 0.24775 ms
SIFT detector detected 1380 keypoints in 186.879 ms
BRIEF descriptor extraction in 0.46918 ms
BF matching cross-check=0 (KNN) with n=132 matches in 0.18882 ms
SIFT detector detected 1335 keypoints in 188.858 ms
BRIEF descriptor extraction in 0.51738 ms
BF matching cross-check=0 (KNN) with n=124 matches in 0.20189 ms
SIFT detector detected 1305 keypoints in 187.739 ms
BRIEF descriptor extraction in 0.4985 ms
BF matching cross-check=0 (KNN) with n=137 matches in 0.1908 ms
SIFT detector detected 1370 keypoints in 186.247 ms
BRIEF descriptor extraction in 0.50515 ms
BF matching cross-check=0 (KNN) with n=134 matches in 0.21931 ms
SIFT detector detected 1396 keypoints in 189.279 ms
BRIEF descriptor extraction in 0.52177 ms
BF matching cross-check=0 (KNN) with n=140 matches in 0.19073 ms
SIFT detector detected 1382 keypoints in 188.155 ms
BRIEF descriptor extraction in 0.59787 ms
BF matching cross-check=0 (KNN) with n=137 matches in 0.25045 ms
SIFT detector detected 1463 keypoints in 186.577 ms
BRIEF descriptor extraction in 0.53381 ms
BF matching cross-check=0 (KNN) with n=148 matches in 0.279101 ms
SIFT detector detected 1422 keypoints in 187.699 ms
BRIEF descriptor extraction in 0.56087 ms
BF matching cross-check=0 (KNN) with n=159 matches in 0.2172 ms
Average time for detector: 185.395 ms
Average time for descriptor: 0.541354 ms
Average time for matcher: 0.289205 ms
AKAZE detector detected 1351 keypoints in 179.192 ms
BRIEF descriptor extraction in 0.53831 ms
AKAZE detector detected 1327 keypoints in 193.758 ms
BRIEF descriptor extraction in 1.44733 ms
BF matching cross-check=0 (KNN) with n=166 matches in 0.26293 ms
AKAZE detector detected 1311 keypoints in 199.426 ms
BRIEF descriptor extraction in 0.545439 ms
BF matching cross-check=0 (KNN) with n=157 matches in 0.279181 ms
AKAZE detector detected 1351 keypoints in 211.563 ms
BRIEF descriptor extraction in 0.452 ms
BF matching cross-check=0 (KNN) with n=161 matches in 0.23234 ms
AKAZE detector detected 1360 keypoints in 193.049 ms
BRIEF descriptor extraction in 1.6009 ms
BF matching cross-check=0 (KNN) with n=155 matches in 0.248 ms
AKAZE detector detected 1347 keypoints in 277.949 ms
BRIEF descriptor extraction in 1.70034 ms
BF matching cross-check=0 (KNN) with n=163 matches in 0.27516 ms
AKAZE detector detected 1363 keypoints in 204.975 ms
BRIEF descriptor extraction in 1.32586 ms
BF matching cross-check=0 (KNN) with n=164 matches in 0.2216 ms
AKAZE detector detected 1331 keypoints in 197.072 ms
BRIEF descriptor extraction in 0.54409 ms
BF matching cross-check=0 (KNN) with n=173 matches in 0.23205 ms
AKAZE detector detected 1357 keypoints in 189.995 ms
BRIEF descriptor extraction in 0.50515 ms
BF matching cross-check=0 (KNN) with n=175 matches in 0.23048 ms
AKAZE detector detected 1331 keypoints in 192.396 ms
BRIEF descriptor extraction in 0.50845 ms
BF matching cross-check=0 (KNN) with n=177 matches in 0.284039 ms
Average time for detector: 204.007 ms
Average time for descriptor: 0.950504 ms
Average time for matcher: 0.329359 ms
Shi-Tomasi detection with n=1370 keypoints in 12.3954 ms
ORB descriptor extraction in 0.65274 ms
Shi-Tomasi detection with n=1301 keypoints in 10.3934 ms
ORB descriptor extraction in 0.7516 ms
BF matching cross-check=0 (KNN) with n=125 matches in 0.25229 ms
Shi-Tomasi detection with n=1361 keypoints in 10.343 ms
ORB descriptor extraction in 0.59772 ms
BF matching cross-check=0 (KNN) with n=118 matches in 0.20195 ms
Shi-Tomasi detection with n=1358 keypoints in 9.97166 ms
ORB descriptor extraction in 0.598059 ms
BF matching cross-check=0 (KNN) with n=123 matches in 0.18199 ms
Shi-Tomasi detection with n=1333 keypoints in 29.0285 ms
ORB descriptor extraction in 0.73339 ms
BF matching cross-check=0 (KNN) with n=120 matches in 0.20469 ms
Shi-Tomasi detection with n=1284 keypoints in 10.2501 ms
ORB descriptor extraction in 0.728139 ms
BF matching cross-check=0 (KNN) with n=120 matches in 0.20104 ms
Shi-Tomasi detection with n=1322 keypoints in 10.3445 ms
ORB descriptor extraction in 0.96374 ms
BF matching cross-check=0 (KNN) with n=113 matches in 0.19025 ms
Shi-Tomasi detection with n=1366 keypoints in 10.122 ms
ORB descriptor extraction in 0.710499 ms
BF matching cross-check=0 (KNN) with n=114 matches in 0.17874 ms
Shi-Tomasi detection with n=1389 keypoints in 10.0302 ms
ORB descriptor extraction in 0.74852 ms
BF matching cross-check=0 (KNN) with n=123 matches in 0.16394 ms
Shi-Tomasi detection with n=1339 keypoints in 11.6367 ms
ORB descriptor extraction in 0.61968 ms
BF matching cross-check=0 (KNN) with n=111 matches in 0.17493 ms
Average time for detector: 12.4921 ms
Average time for descriptor: 0.736117 ms
Average time for matcher: 0.251256 ms
HARRIS detected 115 keypoints with applied nms in 11.6223 ms
ORB descriptor extraction in 0.54065 ms
HARRIS detected 98 keypoints with applied nms in 9.64942 ms
ORB descriptor extraction in 0.60673 ms
BF matching cross-check=0 (KNN) with n=17 matches in 0.09994 ms
HARRIS detected 113 keypoints with applied nms in 9.77856 ms
ORB descriptor extraction in 0.60418 ms
BF matching cross-check=0 (KNN) with n=14 matches in 0.0522 ms
HARRIS detected 121 keypoints with applied nms in 9.8363 ms
ORB descriptor extraction in 0.63097 ms
BF matching cross-check=0 (KNN) with n=18 matches in 0.06424 ms
HARRIS detected 160 keypoints with applied nms in 10.0259 ms
ORB descriptor extraction in 0.60109 ms
BF matching cross-check=0 (KNN) with n=21 matches in 0.06836 ms
HARRIS detected 383 keypoints with applied nms in 16.9695 ms
ORB descriptor extraction in 0.64472 ms
BF matching cross-check=0 (KNN) with n=26 matches in 0.06955 ms
HARRIS detected 85 keypoints with applied nms in 9.5806 ms
ORB descriptor extraction in 0.635191 ms
BF matching cross-check=0 (KNN) with n=43 matches in 0.05764 ms
HARRIS detected 210 keypoints with applied nms in 10.6853 ms
ORB descriptor extraction in 0.50502 ms
BF matching cross-check=0 (KNN) with n=18 matches in 0.05306 ms
HARRIS detected 171 keypoints with applied nms in 7.69412 ms
ORB descriptor extraction in 0.50009 ms
BF matching cross-check=0 (KNN) with n=31 matches in 0.05908 ms
HARRIS detected 281 keypoints with applied nms in 22.5332 ms
ORB descriptor extraction in 0.51188 ms
BF matching cross-check=0 (KNN) with n=26 matches in 0.06497 ms
Average time for detector: 12.2801 ms
Average time for descriptor: 0.604263 ms
Average time for matcher: 0.0972589 ms
FAST detector detected 1824 keypoints in 0.633559 ms
ORB descriptor extraction in 0.920829 ms
FAST detector detected 1832 keypoints in 0.59319 ms
ORB descriptor extraction in 0.73214 ms
BF matching cross-check=0 (KNN) with n=149 matches in 0.2651 ms
FAST detector detected 1810 keypoints in 0.667599 ms
ORB descriptor extraction in 0.653359 ms
BF matching cross-check=0 (KNN) with n=152 matches in 0.194479 ms
FAST detector detected 1817 keypoints in 0.58683 ms
ORB descriptor extraction in 0.64086 ms
BF matching cross-check=0 (KNN) with n=150 matches in 0.21287 ms
FAST detector detected 1793 keypoints in 0.56876 ms
ORB descriptor extraction in 0.623509 ms
BF matching cross-check=0 (KNN) with n=155 matches in 0.18934 ms
FAST detector detected 1796 keypoints in 0.58794 ms
ORB descriptor extraction in 0.57936 ms
BF matching cross-check=0 (KNN) with n=149 matches in 0.19956 ms
FAST detector detected 1788 keypoints in 0.570239 ms
ORB descriptor extraction in 0.60135 ms
BF matching cross-check=0 (KNN) with n=149 matches in 0.18822 ms
FAST detector detected 1695 keypoints in 0.55844 ms
ORB descriptor extraction in 0.5941 ms
BF matching cross-check=0 (KNN) with n=156 matches in 0.19368 ms
FAST detector detected 1749 keypoints in 0.75356 ms
ORB descriptor extraction in 0.71575 ms
BF matching cross-check=0 (KNN) with n=150 matches in 0.195519 ms
FAST detector detected 1770 keypoints in 0.62574 ms
ORB descriptor extraction in 0.62067 ms
BF matching cross-check=0 (KNN) with n=138 matches in 0.18114 ms
Average time for detector: 0.638424 ms
Average time for descriptor: 0.685452 ms
Average time for matcher: 0.262444 ms
BRISK detector detected 2757 keypoints in 32.1598 ms
ORB descriptor extraction in 4.45024 ms
BRISK detector detected 2777 keypoints in 32.5985 ms
ORB descriptor extraction in 3.27672 ms
BF matching cross-check=0 (KNN) with n=264 matches in 0.39809 ms
BRISK detector detected 2741 keypoints in 41.8231 ms
ORB descriptor extraction in 3.22801 ms
BF matching cross-check=0 (KNN) with n=282 matches in 0.362969 ms
BRISK detector detected 2735 keypoints in 31.2721 ms
ORB descriptor extraction in 3.25777 ms
BF matching cross-check=0 (KNN) with n=282 matches in 0.37532 ms
BRISK detector detected 2757 keypoints in 42.8959 ms
ORB descriptor extraction in 3.22079 ms
BF matching cross-check=0 (KNN) with n=277 matches in 0.3821 ms
BRISK detector detected 2695 keypoints in 31.9978 ms
ORB descriptor extraction in 3.44559 ms
BF matching cross-check=0 (KNN) with n=297 matches in 0.3675 ms
BRISK detector detected 2715 keypoints in 40.6844 ms
ORB descriptor extraction in 3.13765 ms
BF matching cross-check=0 (KNN) with n=279 matches in 0.35973 ms
BRISK detector detected 2628 keypoints in 30.0324 ms
ORB descriptor extraction in 3.10237 ms
BF matching cross-check=0 (KNN) with n=289 matches in 0.32992 ms
BRISK detector detected 2639 keypoints in 31.5526 ms
ORB descriptor extraction in 11.2382 ms
BF matching cross-check=0 (KNN) with n=272 matches in 0.34337 ms
BRISK detector detected 2672 keypoints in 39.4355 ms
ORB descriptor extraction in 3.1174 ms
BF matching cross-check=0 (KNN) with n=266 matches in 0.31192 ms
Average time for detector: 331.41 ms
Average time for descriptor: 4.1894 ms
Average time for matcher: 0.455916 ms
ORB detector detected 500 keypoints in 6.25789 ms
ORB descriptor extraction in 3.51754 ms
ORB detector detected 500 keypoints in 5.44456 ms
ORB descriptor extraction in 3.28667 ms
BF matching cross-check=0 (KNN) with n=92 matches in 0.2529 ms
ORB detector detected 500 keypoints in 5.27176 ms
ORB descriptor extraction in 2.98122 ms
BF matching cross-check=0 (KNN) with n=102 matches in 0.17664 ms
ORB detector detected 500 keypoints in 4.90662 ms
ORB descriptor extraction in 3.04554 ms
BF matching cross-check=0 (KNN) with n=106 matches in 0.1714 ms
ORB detector detected 500 keypoints in 5.44276 ms
ORB descriptor extraction in 3.21636 ms
BF matching cross-check=0 (KNN) with n=113 matches in 0.18907 ms
ORB detector detected 500 keypoints in 5.14252 ms
ORB descriptor extraction in 3.0549 ms
BF matching cross-check=0 (KNN) with n=109 matches in 0.16806 ms
ORB detector detected 500 keypoints in 5.15069 ms
ORB descriptor extraction in 3.21864 ms
BF matching cross-check=0 (KNN) with n=125 matches in 0.1933 ms
ORB detector detected 500 keypoints in 5.03783 ms
ORB descriptor extraction in 3.04594 ms
BF matching cross-check=0 (KNN) with n=130 matches in 0.16886 ms
ORB detector detected 500 keypoints in 5.0819 ms
ORB descriptor extraction in 3.19758 ms
BF matching cross-check=0 (KNN) with n=129 matches in 0.1706 ms
ORB detector detected 500 keypoints in 61.404 ms
ORB descriptor extraction in 3.1559 ms
BF matching cross-check=0 (KNN) with n=127 matches in 0.1979 ms
Average time for detector: 10.9491 ms
Average time for descriptor: 3.20119 ms
Average time for matcher: 0.268723 ms
SIFT detector detected 1438 keypoints in 96.6619 ms
AKAZE detector detected 1351 keypoints in 147.952 ms
ORB descriptor extraction in 1.96707 ms
AKAZE detector detected 1327 keypoints in 272.621 ms
ORB descriptor extraction in 3.09645 ms
BF matching cross-check=0 (KNN) with n=166 matches in 0.2548 ms
AKAZE detector detected 1311 keypoints in 191.23 ms
ORB descriptor extraction in 1.93857 ms
BF matching cross-check=0 (KNN) with n=157 matches in 0.23693 ms
AKAZE detector detected 1351 keypoints in 108.885 ms
ORB descriptor extraction in 1.87008 ms
BF matching cross-check=0 (KNN) with n=161 matches in 0.22042 ms
AKAZE detector detected 1360 keypoints in 117.966 ms
ORB descriptor extraction in 3.19487 ms
BF matching cross-check=0 (KNN) with n=155 matches in 0.20172 ms
AKAZE detector detected 1347 keypoints in 211.943 ms
ORB descriptor extraction in 2.99238 ms
BF matching cross-check=0 (KNN) with n=163 matches in 0.22579 ms
AKAZE detector detected 1363 keypoints in 193.961 ms
ORB descriptor extraction in 2.01984 ms
BF matching cross-check=0 (KNN) with n=164 matches in 0.22155 ms
AKAZE detector detected 1331 keypoints in 191.411 ms
ORB descriptor extraction in 1.89677 ms
BF matching cross-check=0 (KNN) with n=173 matches in 0.209589 ms
AKAZE detector detected 1357 keypoints in 210.048 ms
ORB descriptor extraction in 1.86625 ms
BF matching cross-check=0 (KNN) with n=175 matches in 0.22473 ms
AKAZE detector detected 1331 keypoints in 192.994 ms
ORB descriptor extraction in 1.92105 ms
BF matching cross-check=0 (KNN) with n=177 matches in 0.21765 ms
Average time for detector: 183.967 ms
Average time for descriptor: 2.3077 ms
Average time for matcher: 0.295042 ms
Shi-Tomasi detection with n=1370 keypoints in 12.4001 ms
FREAK descriptor extraction in 23.6326 ms
Shi-Tomasi detection with n=1301 keypoints in 9.92114 ms
FREAK descriptor extraction in 47.6019 ms
BF matching cross-check=0 (KNN) with n=125 matches in 0.32301 ms
Shi-Tomasi detection with n=1361 keypoints in 7.32408 ms
FREAK descriptor extraction in 22.2861 ms
BF matching cross-check=0 (KNN) with n=118 matches in 0.20331 ms
Shi-Tomasi detection with n=1358 keypoints in 7.30035 ms
FREAK descriptor extraction in 21.7316 ms
BF matching cross-check=0 (KNN) with n=123 matches in 0.22531 ms
Shi-Tomasi detection with n=1333 keypoints in 7.07695 ms
FREAK descriptor extraction in 21.5487 ms
BF matching cross-check=0 (KNN) with n=120 matches in 0.21001 ms
Shi-Tomasi detection with n=1284 keypoints in 6.75664 ms
FREAK descriptor extraction in 21.3913 ms
BF matching cross-check=0 (KNN) with n=120 matches in 0.1856 ms
Shi-Tomasi detection with n=1322 keypoints in 6.78582 ms
FREAK descriptor extraction in 44.6241 ms
BF matching cross-check=0 (KNN) with n=113 matches in 0.212 ms
Shi-Tomasi detection with n=1366 keypoints in 6.99748 ms
FREAK descriptor extraction in 21.5157 ms
BF matching cross-check=0 (KNN) with n=114 matches in 0.21363 ms
Shi-Tomasi detection with n=1389 keypoints in 6.91356 ms
FREAK descriptor extraction in 35.1006 ms
BF matching cross-check=0 (KNN) with n=123 matches in 0.218271 ms
Shi-Tomasi detection with n=1339 keypoints in 7.2991 ms
FREAK descriptor extraction in 21.8517 ms
BF matching cross-check=0 (KNN) with n=111 matches in 0.197871 ms
Average time for detector: 7.90838 ms
Average time for descriptor: 28.2097 ms
Average time for matcher: 0.286177 ms
HARRIS detected 115 keypoints with applied nms in 12.0344 ms
FREAK descriptor extraction in 22.6648 ms
HARRIS detected 98 keypoints with applied nms in 9.55656 ms
FREAK descriptor extraction in 21.2033 ms
BF matching cross-check=0 (KNN) with n=17 matches in 0.11716 ms
HARRIS detected 113 keypoints with applied nms in 7.03022 ms
FREAK descriptor extraction in 20.9543 ms
BF matching cross-check=0 (KNN) with n=14 matches in 0.04845 ms
HARRIS detected 121 keypoints with applied nms in 7.05637 ms
FREAK descriptor extraction in 20.8915 ms
BF matching cross-check=0 (KNN) with n=18 matches in 0.04963 ms
HARRIS detected 160 keypoints with applied nms in 7.43234 ms
FREAK descriptor extraction in 20.954 ms
BF matching cross-check=0 (KNN) with n=21 matches in 0.05105 ms
HARRIS detected 383 keypoints with applied nms in 14.3907 ms
FREAK descriptor extraction in 21.0948 ms
BF matching cross-check=0 (KNN) with n=26 matches in 0.0776 ms
HARRIS detected 85 keypoints with applied nms in 6.8195 ms
FREAK descriptor extraction in 31.2915 ms
BF matching cross-check=0 (KNN) with n=43 matches in 0.05726 ms
HARRIS detected 210 keypoints with applied nms in 8.17197 ms
FREAK descriptor extraction in 20.9177 ms
BF matching cross-check=0 (KNN) with n=18 matches in 0.0504 ms
HARRIS detected 171 keypoints with applied nms in 7.4167 ms
FREAK descriptor extraction in 20.916 ms
BF matching cross-check=0 (KNN) with n=31 matches in 0.05514 ms
HARRIS detected 281 keypoints with applied nms in 17.452 ms
FREAK descriptor extraction in 21.7202 ms
BF matching cross-check=0 (KNN) with n=26 matches in 0.06575 ms
Average time for detector: 9.77562 ms
Average time for descriptor: 22.3306 ms
Average time for matcher: 0.0950599 ms
FAST detector detected 1824 keypoints in 1.04088 ms
FREAK descriptor extraction in 26.04 ms
FAST detector detected 1832 keypoints in 0.66437 ms
FREAK descriptor extraction in 24.3955 ms
BF matching cross-check=0 (KNN) with n=149 matches in 0.31504 ms
FAST detector detected 1810 keypoints in 0.61621 ms
FREAK descriptor extraction in 22.2192 ms
BF matching cross-check=0 (KNN) with n=152 matches in 0.24043 ms
FAST detector detected 1817 keypoints in 0.61722 ms
FREAK descriptor extraction in 22.4891 ms
BF matching cross-check=0 (KNN) with n=150 matches in 0.267 ms
FAST detector detected 1793 keypoints in 0.59047 ms
FREAK descriptor extraction in 30.3271 ms
BF matching cross-check=0 (KNN) with n=155 matches in 0.28769 ms
FAST detector detected 1796 keypoints in 0.57788 ms
FREAK descriptor extraction in 21.8672 ms
BF matching cross-check=0 (KNN) with n=149 matches in 0.26762 ms
FAST detector detected 1788 keypoints in 0.64368 ms
FREAK descriptor extraction in 22.9121 ms
BF matching cross-check=0 (KNN) with n=149 matches in 0.25184 ms
FAST detector detected 1695 keypoints in 0.59181 ms
FREAK descriptor extraction in 36.4395 ms
BF matching cross-check=0 (KNN) with n=156 matches in 0.29375 ms
FAST detector detected 1749 keypoints in 0.591409 ms
FREAK descriptor extraction in 21.5424 ms
BF matching cross-check=0 (KNN) with n=150 matches in 0.22134 ms
FAST detector detected 1770 keypoints in 0.5771 ms
FREAK descriptor extraction in 22.1037 ms
BF matching cross-check=0 (KNN) with n=138 matches in 0.240779 ms
Average time for detector: 0.680241 ms
Average time for descriptor: 25.1365 ms
Average time for matcher: 0.334977 ms
BRISK detector detected 2757 keypoints in 32.915 ms
FREAK descriptor extraction in 25.2588 ms
BRISK detector detected 2777 keypoints in 37.2834 ms
FREAK descriptor extraction in 24.6628 ms
BF matching cross-check=0 (KNN) with n=242 matches in 0.52127 ms
BRISK detector detected 2741 keypoints in 34.1425 ms
FREAK descriptor extraction in 36.0988 ms
BF matching cross-check=0 (KNN) with n=260 matches in 0.44556 ms
BRISK detector detected 2735 keypoints in 33.3003 ms
FREAK descriptor extraction in 24.3897 ms
BF matching cross-check=0 (KNN) with n=263 matches in 0.49215 ms
BRISK detector detected 2757 keypoints in 37.7934 ms
FREAK descriptor extraction in 23.5903 ms
BF matching cross-check=0 (KNN) with n=264 matches in 0.563019 ms
BRISK detector detected 2695 keypoints in 31.3179 ms
FREAK descriptor extraction in 30.015 ms
BF matching cross-check=0 (KNN) with n=274 matches in 0.51029 ms
BRISK detector detected 2715 keypoints in 37.5657 ms
FREAK descriptor extraction in 22.8874 ms
BF matching cross-check=0 (KNN) with n=256 matches in 0.4571 ms
BRISK detector detected 2628 keypoints in 31.1258 ms
FREAK descriptor extraction in 22.9424 ms
BF matching cross-check=0 (KNN) with n=269 matches in 0.47929 ms
BRISK detector detected 2639 keypoints in 42.1123 ms
FREAK descriptor extraction in 22.5544 ms
BF matching cross-check=0 (KNN) with n=255 matches in 0.49591 ms
BRISK detector detected 2672 keypoints in 31.2365 ms
FREAK descriptor extraction in 34.9478 ms
BF matching cross-check=0 (KNN) with n=243 matches in 0.42914 ms
Average time for detector: 330.565 ms
Average time for descriptor: 26.8402 ms
Average time for matcher: 0.581371 ms
ORB detector detected 500 keypoints in 6.26309 ms
FREAK descriptor extraction in 24.7934 ms
ORB detector detected 500 keypoints in 6.76237 ms
FREAK descriptor extraction in 27.9935 ms
BF matching cross-check=0 (KNN) with n=46 matches in 0.19724 ms
ORB detector detected 500 keypoints in 5.13931 ms
FREAK descriptor extraction in 21.9596 ms
BF matching cross-check=0 (KNN) with n=53 matches in 0.11855 ms
ORB detector detected 500 keypoints in 5.31506 ms
FREAK descriptor extraction in 21.848 ms
BF matching cross-check=0 (KNN) with n=56 matches in 0.126591 ms
ORB detector detected 500 keypoints in 25.873 ms
FREAK descriptor extraction in 25.8625 ms
BF matching cross-check=0 (KNN) with n=65 matches in 0.13486 ms
ORB detector detected 500 keypoints in 5.19268 ms
FREAK descriptor extraction in 23.8411 ms
BF matching cross-check=0 (KNN) with n=55 matches in 0.11697 ms
ORB detector detected 500 keypoints in 5.153 ms
FREAK descriptor extraction in 47.3009 ms
BF matching cross-check=0 (KNN) with n=64 matches in 0.14865 ms
ORB detector detected 500 keypoints in 5.05472 ms
FREAK descriptor extraction in 21.5708 ms
BF matching cross-check=0 (KNN) with n=66 matches in 0.140389 ms
ORB detector detected 500 keypoints in 5.12811 ms
FREAK descriptor extraction in 41.0649 ms
BF matching cross-check=0 (KNN) with n=71 matches in 0.21138 ms
ORB detector detected 500 keypoints in 5.19368 ms
FREAK descriptor extraction in 21.7489 ms
BF matching cross-check=0 (KNN) with n=73 matches in 0.1973 ms
Average time for detector: 7.55246 ms
Average time for descriptor: 27.9029 ms
Average time for matcher: 0.199121 ms
SIFT detector detected 1438 keypoints in 153.894 ms
FREAK descriptor extraction in 93.3965 ms
SIFT detector detected 1371 keypoints in 94.6493 ms
FREAK descriptor extraction in 100.031 ms
BF matching cross-check=0 (KNN) with n=137 matches in 0.38155 ms
SIFT detector detected 1380 keypoints in 180.567 ms
FREAK descriptor extraction in 22.0724 ms
BF matching cross-check=0 (KNN) with n=131 matches in 0.3389 ms
SIFT detector detected 1335 keypoints in 84.6902 ms
FREAK descriptor extraction in 102.553 ms
BF matching cross-check=0 (KNN) with n=123 matches in 0.27827 ms
SIFT detector detected 1305 keypoints in 167.087 ms
FREAK descriptor extraction in 23.1496 ms
BF matching cross-check=0 (KNN) with n=136 matches in 0.26329 ms
SIFT detector detected 1370 keypoints in 166.597 ms
FREAK descriptor extraction in 22.4549 ms
BF matching cross-check=0 (KNN) with n=133 matches in 0.28816 ms
SIFT detector detected 1396 keypoints in 166.591 ms
FREAK descriptor extraction in 21.9715 ms
BF matching cross-check=0 (KNN) with n=139 matches in 0.276869 ms
SIFT detector detected 1382 keypoints in 101.426 ms
FREAK descriptor extraction in 100.322 ms
BF matching cross-check=0 (KNN) with n=135 matches in 0.35362 ms
SIFT detector detected 1463 keypoints in 97.0655 ms
FREAK descriptor extraction in 100.132 ms
BF matching cross-check=0 (KNN) with n=147 matches in 0.293709 ms
SIFT detector detected 1422 keypoints in 81.5926 ms
FREAK descriptor extraction in 113.275 ms
BF matching cross-check=0 (KNN) with n=158 matches in 0.33844 ms
Average time for detector: 129.491 ms
Average time for descriptor: 69.9958 ms
Average time for matcher: 0.383679 ms
AKAZE detector detected 1351 keypoints in 256.269 ms
FREAK descriptor extraction in 22.1697 ms
AKAZE detector detected 1327 keypoints in 269.122 ms
FREAK descriptor extraction in 22.8097 ms
BF matching cross-check=0 (KNN) with n=166 matches in 0.363761 ms
AKAZE detector detected 1311 keypoints in 276.139 ms
FREAK descriptor extraction in 25.0685 ms
BF matching cross-check=0 (KNN) with n=157 matches in 0.415979 ms
AKAZE detector detected 1351 keypoints in 216.508 ms
FREAK descriptor extraction in 27.0553 ms
BF matching cross-check=0 (KNN) with n=161 matches in 0.31569 ms
AKAZE detector detected 1360 keypoints in 212.656 ms
FREAK descriptor extraction in 22.5 ms
BF matching cross-check=0 (KNN) with n=155 matches in 0.29944 ms
AKAZE detector detected 1347 keypoints in 267.21 ms
FREAK descriptor extraction in 24.0196 ms
BF matching cross-check=0 (KNN) with n=163 matches in 0.28667 ms
AKAZE detector detected 1363 keypoints in 181.15 ms
FREAK descriptor extraction in 23.3264 ms
BF matching cross-check=0 (KNN) with n=164 matches in 0.34293 ms
AKAZE detector detected 1331 keypoints in 216.137 ms
FREAK descriptor extraction in 23.2805 ms
BF matching cross-check=0 (KNN) with n=173 matches in 0.38536 ms
AKAZE detector detected 1357 keypoints in 172.173 ms
FREAK descriptor extraction in 22.8588 ms
BF matching cross-check=0 (KNN) with n=175 matches in 58.4691 ms
AKAZE detector detected 1331 keypoints in 212.778 ms
FREAK descriptor extraction in 22.855 ms
BF matching cross-check=0 (KNN) with n=177 matches in 0.44792 ms
Average time for detector: 228.122 ms
Average time for descriptor: 23.9338 ms
Average time for matcher: 6.92365 ms
Shi-Tomasi detection with n=1370 keypoints in 14.422 ms
SIFT descriptor extraction in 12.8516 ms
Shi-Tomasi detection with n=1301 keypoints in 8.06345 ms
SIFT descriptor extraction in 41.4805 ms
BF matching cross-check=0 (KNN) with n=125 matches in 0.33996 ms
Shi-Tomasi detection with n=1361 keypoints in 13.3825 ms
SIFT descriptor extraction in 14.1099 ms
BF matching cross-check=0 (KNN) with n=118 matches in 0.24929 ms
Shi-Tomasi detection with n=1358 keypoints in 12.4687 ms
SIFT descriptor extraction in 49.021 ms
BF matching cross-check=0 (KNN) with n=123 matches in 0.21948 ms
Shi-Tomasi detection with n=1333 keypoints in 12.3181 ms
SIFT descriptor extraction in 13.1441 ms
BF matching cross-check=0 (KNN) with n=120 matches in 0.190649 ms
Shi-Tomasi detection with n=1284 keypoints in 13.4467 ms
SIFT descriptor extraction in 48.3718 ms
BF matching cross-check=0 (KNN) with n=120 matches in 0.20935 ms
Shi-Tomasi detection with n=1322 keypoints in 12.0747 ms
SIFT descriptor extraction in 12.8604 ms
BF matching cross-check=0 (KNN) with n=113 matches in 0.189879 ms
Shi-Tomasi detection with n=1366 keypoints in 11.6152 ms
SIFT descriptor extraction in 13.4016 ms
BF matching cross-check=0 (KNN) with n=114 matches in 0.17931 ms
Shi-Tomasi detection with n=1389 keypoints in 17.3088 ms
SIFT descriptor extraction in 17.6744 ms
BF matching cross-check=0 (KNN) with n=123 matches in 0.2214 ms
Shi-Tomasi detection with n=1339 keypoints in 13.0696 ms
SIFT descriptor extraction in 43.9694 ms
BF matching cross-check=0 (KNN) with n=111 matches in 0.22649 ms
Average time for detector: 12.9024 ms
Average time for descriptor: 26.7823 ms
Average time for matcher: 0.315585 ms
HARRIS detected 115 keypoints with applied nms in 13.3315 ms
SIFT descriptor extraction in 11.3227 ms
HARRIS detected 98 keypoints with applied nms in 9.55678 ms
SIFT descriptor extraction in 8.48947 ms
BF matching cross-check=0 (KNN) with n=17 matches in 0.10572 ms
HARRIS detected 113 keypoints with applied nms in 21.7114 ms
SIFT descriptor extraction in 11.905 ms
BF matching cross-check=0 (KNN) with n=14 matches in 0.04913 ms
HARRIS detected 121 keypoints with applied nms in 10.1654 ms
SIFT descriptor extraction in 11.4524 ms
BF matching cross-check=0 (KNN) with n=18 matches in 0.05509 ms
HARRIS detected 160 keypoints with applied nms in 10.6116 ms
SIFT descriptor extraction in 38.4155 ms
BF matching cross-check=0 (KNN) with n=21 matches in 0.07112 ms
HARRIS detected 383 keypoints with applied nms in 18.0066 ms
SIFT descriptor extraction in 9.45954 ms
BF matching cross-check=0 (KNN) with n=26 matches in 0.064191 ms
HARRIS detected 85 keypoints with applied nms in 10.2451 ms
SIFT descriptor extraction in 11.9283 ms
BF matching cross-check=0 (KNN) with n=43 matches in 0.06953 ms
HARRIS detected 210 keypoints with applied nms in 12.2816 ms
SIFT descriptor extraction in 11.3701 ms
BF matching cross-check=0 (KNN) with n=18 matches in 0.05265 ms
HARRIS detected 171 keypoints with applied nms in 10.4876 ms
SIFT descriptor extraction in 10.8172 ms
BF matching cross-check=0 (KNN) with n=31 matches in 0.060291 ms
HARRIS detected 281 keypoints with applied nms in 13.2852 ms
SIFT descriptor extraction in 34.2988 ms
BF matching cross-check=0 (KNN) with n=26 matches in 0.057139 ms
Average time for detector: 13.5362 ms
Average time for descriptor: 15.9916 ms
Average time for matcher: 0.257797 ms
FAST detector detected 1824 keypoints in 0.70572 ms
SIFT descriptor extraction in 16.9064 ms
FAST detector detected 1832 keypoints in 0.59945 ms
SIFT descriptor extraction in 47.0177 ms
BF matching cross-check=0 (KNN) with n=149 matches in 0.34874 ms
FAST detector detected 1810 keypoints in 0.56502 ms
SIFT descriptor extraction in 17.8339 ms
BF matching cross-check=0 (KNN) with n=152 matches in 0.24081 ms
FAST detector detected 1817 keypoints in 0.59847 ms
SIFT descriptor extraction in 69.9592 ms
BF matching cross-check=0 (KNN) with n=150 matches in 0.30133 ms
FAST detector detected 1793 keypoints in 0.58516 ms
SIFT descriptor extraction in 12.9174 ms
BF matching cross-check=0 (KNN) with n=155 matches in 0.20732 ms
FAST detector detected 1796 keypoints in 0.59984 ms
SIFT descriptor extraction in 75.038 ms
BF matching cross-check=0 (KNN) with n=149 matches in 0.27711 ms
FAST detector detected 1788 keypoints in 0.56625 ms
SIFT descriptor extraction in 14.1058 ms
BF matching cross-check=0 (KNN) with n=149 matches in 0.21482 ms
FAST detector detected 1695 keypoints in 0.572981 ms
SIFT descriptor extraction in 73.283 ms
BF matching cross-check=0 (KNN) with n=156 matches in 0.2831 ms
FAST detector detected 1749 keypoints in 0.63024 ms
SIFT descriptor extraction in 17.2731 ms
BF matching cross-check=0 (KNN) with n=150 matches in 0.29437 ms
FAST detector detected 1770 keypoints in 0.566169 ms
SIFT descriptor extraction in 69.442 ms
BF matching cross-check=0 (KNN) with n=138 matches in 0.28415 ms
Average time for detector: 0.625548 ms
Average time for descriptor: 41.4346 ms
Average time for matcher: 0.360946 ms
BRISK detector detected 2757 keypoints in 34.4372 ms
SIFT descriptor extraction in 59.8592 ms
BRISK detector detected 2777 keypoints in 30.9398 ms
SIFT descriptor extraction in 36.546 ms
BF matching cross-check=0 (KNN) with n=264 matches in 0.4284 ms
BRISK detector detected 2741 keypoints in 33.1897 ms
SIFT descriptor extraction in 35.9703 ms
BF matching cross-check=0 (KNN) with n=282 matches in 0.44278 ms
BRISK detector detected 2735 keypoints in 37.0694 ms
SIFT descriptor extraction in 93.3973 ms
BF matching cross-check=0 (KNN) with n=282 matches in 0.54253 ms
BRISK detector detected 2757 keypoints in 39.0984 ms
SIFT descriptor extraction in 78.4511 ms
BF matching cross-check=0 (KNN) with n=277 matches in 0.45202 ms
BRISK detector detected 2695 keypoints in 35.8922 ms
SIFT descriptor extraction in 73.1675 ms
BF matching cross-check=0 (KNN) with n=297 matches in 0.44862 ms
BRISK detector detected 2715 keypoints in 32.8323 ms
SIFT descriptor extraction in 66.3059 ms
BF matching cross-check=0 (KNN) with n=279 matches in 0.42043 ms
BRISK detector detected 2628 keypoints in 31.4418 ms
SIFT descriptor extraction in 54.1382 ms
BF matching cross-check=0 (KNN) with n=289 matches in 0.41833 ms
BRISK detector detected 2639 keypoints in 31.027 ms
SIFT descriptor extraction in 56.6106 ms
BF matching cross-check=0 (KNN) with n=272 matches in 0.38399 ms
BRISK detector detected 2672 keypoints in 31.4247 ms
SIFT descriptor extraction in 53.0822 ms
BF matching cross-check=0 (KNN) with n=266 matches in 0.36333 ms
Average time for detector: 340.512 ms
Average time for descriptor: 60.8234 ms
Average time for matcher: 0.538014 ms
ORB detector detected 500 keypoints in 6.2348 ms
SIFT descriptor extraction in 70.4051 ms
ORB detector detected 500 keypoints in 5.15436 ms
SIFT descriptor extraction in 88.601 ms
BF matching cross-check=0 (KNN) with n=92 matches in 0.24889 ms
ORB detector detected 500 keypoints in 5.2366 ms
SIFT descriptor extraction in 91.1938 ms
BF matching cross-check=0 (KNN) with n=102 matches in 0.22492 ms
ORB detector detected 500 keypoints in 5.14834 ms
SIFT descriptor extraction in 93.2118 ms
BF matching cross-check=0 (KNN) with n=106 matches in 0.19523 ms
ORB detector detected 500 keypoints in 86.9484 ms
SIFT descriptor extraction in 98.4849 ms
BF matching cross-check=0 (KNN) with n=113 matches in 0.275721 ms
ORB detector detected 500 keypoints in 5.25068 ms
SIFT descriptor extraction in 90.0531 ms
BF matching cross-check=0 (KNN) with n=109 matches in 0.23595 ms
ORB detector detected 500 keypoints in 5.14463 ms
SIFT descriptor extraction in 88.8846 ms
BF matching cross-check=0 (KNN) with n=125 matches in 0.23785 ms
ORB detector detected 500 keypoints in 5.04306 ms
SIFT descriptor extraction in 89.7541 ms
BF matching cross-check=0 (KNN) with n=130 matches in 0.25264 ms
ORB detector detected 500 keypoints in 5.08574 ms
SIFT descriptor extraction in 90.7683 ms
BF matching cross-check=0 (KNN) with n=129 matches in 0.20716 ms
ORB detector detected 500 keypoints in 5.24434 ms
SIFT descriptor extraction in 183.692 ms
BF matching cross-check=0 (KNN) with n=127 matches in 0.322341 ms
Average time for detector: 13.4857 ms
Average time for descriptor: 98.5743 ms
Average time for matcher: 0.33732 ms
SIFT detector detected 1438 keypoints in 179.039 ms
SIFT descriptor extraction in 97.3423 ms
SIFT detector detected 1371 keypoints in 103.269 ms
SIFT descriptor extraction in 122.642 ms
BF matching cross-check=0 (KNN) with n=138 matches in 0.2738 ms
SIFT detector detected 1380 keypoints in 157.859 ms
SIFT descriptor extraction in 100.096 ms
BF matching cross-check=0 (KNN) with n=132 matches in 0.22954 ms
SIFT detector detected 1335 keypoints in 97.1459 ms
SIFT descriptor extraction in 130.597 ms
BF matching cross-check=0 (KNN) with n=124 matches in 0.220751 ms
SIFT detector detected 1305 keypoints in 159.503 ms
SIFT descriptor extraction in 99.6043 ms
BF matching cross-check=0 (KNN) with n=137 matches in 0.23626 ms
SIFT detector detected 1370 keypoints in 187.843 ms
SIFT descriptor extraction in 40.3812 ms
BF matching cross-check=0 (KNN) with n=134 matches in 0.22675 ms
SIFT detector detected 1396 keypoints in 156.59 ms
SIFT descriptor extraction in 137.848 ms
BF matching cross-check=0 (KNN) with n=140 matches in 0.23373 ms
SIFT detector detected 1382 keypoints in 151.19 ms
SIFT descriptor extraction in 107.453 ms
BF matching cross-check=0 (KNN) with n=137 matches in 0.247639 ms
SIFT detector detected 1463 keypoints in 103.116 ms
SIFT descriptor extraction in 119.973 ms
BF matching cross-check=0 (KNN) with n=148 matches in 0.254571 ms
SIFT detector detected 1422 keypoints in 158.478 ms
SIFT descriptor extraction in 101.749 ms
BF matching cross-check=0 (KNN) with n=159 matches in 0.23544 ms
Average time for detector: 145.484 ms
Average time for descriptor: 105.845 ms
Average time for matcher: 0.312337 ms
AKAZE detector detected 1351 keypoints in 178.646 ms
SIFT descriptor extraction in 77.9659 ms
AKAZE detector detected 1327 keypoints in 214.18 ms
SIFT descriptor extraction in 78.6003 ms
BF matching cross-check=0 (KNN) with n=166 matches in 0.34757 ms
AKAZE detector detected 1311 keypoints in 212.002 ms
SIFT descriptor extraction in 81.1061 ms
BF matching cross-check=0 (KNN) with n=157 matches in 0.28232 ms
AKAZE detector detected 1351 keypoints in 204.861 ms
SIFT descriptor extraction in 11.9609 ms
BF matching cross-check=0 (KNN) with n=161 matches in 0.22466 ms
AKAZE detector detected 1360 keypoints in 193.499 ms
SIFT descriptor extraction in 81.9543 ms
BF matching cross-check=0 (KNN) with n=155 matches in 0.282229 ms
AKAZE detector detected 1347 keypoints in 206.766 ms
SIFT descriptor extraction in 81.6179 ms
BF matching cross-check=0 (KNN) with n=163 matches in 0.270919 ms
AKAZE detector detected 1363 keypoints in 214.355 ms
SIFT descriptor extraction in 12.8179 ms
BF matching cross-check=0 (KNN) with n=164 matches in 0.303779 ms
AKAZE detector detected 1331 keypoints in 271.111 ms
SIFT descriptor extraction in 17.0708 ms
BF matching cross-check=0 (KNN) with n=173 matches in 0.252169 ms
AKAZE detector detected 1357 keypoints in 185.253 ms
SIFT descriptor extraction in 80.1264 ms
BF matching cross-check=0 (KNN) with n=175 matches in 0.29358 ms
AKAZE detector detected 1331 keypoints in 114.262 ms
SIFT descriptor extraction in 85.7753 ms
BF matching cross-check=0 (KNN) with n=177 matches in 0.23671 ms
Average time for detector: 199.565 ms
Average time for descriptor: 60.9686 ms
Average time for matcher: 0.458208 ms
Shi-Tomasi detection with n=1370 keypoints in 13.0722 ms
HARRIS detected 115 keypoints with applied nms in 12.1912 ms
FAST detector detected 1824 keypoints in 0.78165 ms
BRISK detector detected 2757 keypoints in 33.6669 ms
ORB detector detected 500 keypoints in 6.31941 ms
SIFT detector detected 1438 keypoints in 198.139 ms
AKAZE detector detected 1351 keypoints in 161.385 ms
AKAZE descriptor extraction in 196.82 ms
AKAZE detector detected 1327 keypoints in 220.563 ms
AKAZE descriptor extraction in 282.426 ms
BF matching cross-check=0 (KNN) with n=166 matches in 0.35162 ms
AKAZE detector detected 1311 keypoints in 206.94 ms
AKAZE descriptor extraction in 196.223 ms
BF matching cross-check=0 (KNN) with n=157 matches in 0.2925 ms
AKAZE detector detected 1351 keypoints in 293.986 ms
AKAZE descriptor extraction in 197.883 ms
BF matching cross-check=0 (KNN) with n=161 matches in 0.2824 ms
AKAZE detector detected 1360 keypoints in 202.835 ms
AKAZE descriptor extraction in 282.907 ms
BF matching cross-check=0 (KNN) with n=155 matches in 0.29277 ms
AKAZE detector detected 1347 keypoints in 205.891 ms
AKAZE descriptor extraction in 195.368 ms
BF matching cross-check=0 (KNN) with n=163 matches in 0.25026 ms
AKAZE detector detected 1363 keypoints in 280.194 ms
AKAZE descriptor extraction in 200.719 ms
BF matching cross-check=0 (KNN) with n=164 matches in 0.36814 ms
AKAZE detector detected 1331 keypoints in 209.453 ms
AKAZE descriptor extraction in 195.732 ms
BF matching cross-check=0 (KNN) with n=173 matches in 0.365601 ms
AKAZE detector detected 1357 keypoints in 217.729 ms
AKAZE descriptor extraction in 193.013 ms
BF matching cross-check=0 (KNN) with n=175 matches in 0.28203 ms
AKAZE detector detected 1331 keypoints in 296.45 ms
AKAZE descriptor extraction in 203.507 ms
BF matching cross-check=0 (KNN) with n=177 matches in 0.40899 ms
Average time for detector: 229.632 ms
Average time for descriptor: 214.54 ms
Average time for matcher: 0.418157 ms
